<?xml version="1.0" encoding="UTF-8"?>
<testng-results ignored="0" total="1" passed="1" failed="0" skipped="0">
  <reporter-output>
    <line>
      <![CDATA[closeBrowser]]>
    </line>
  </reporter-output>
  <suite started-at="2024-10-23T15:10:26 IST" name="Suite" finished-at="2024-10-23T15:10:27 IST" duration-ms="1718">
    <groups>
    </groups>
    <test started-at="2024-10-23T15:10:26 IST" name="Test" finished-at="2024-10-23T15:10:27 IST" duration-ms="1718">
      <class name="com.project.script.TestScript">
        <test-method is-config="true" signature="OpenBrowsder()[pri:0, instance:com.project.script.TestScript@3daa422a]" started-at="2024-10-23T15:10:26 IST" name="OpenBrowsder" finished-at="2024-10-23T15:10:27 IST" duration-ms="1174" status="PASS">
          <reporter-output>
          </reporter-output>
        </test-method> <!-- OpenBrowsder -->
        <test-method is-config="true" signature="Login()[pri:0, instance:com.project.script.TestScript@3daa422a]" started-at="2024-10-23T15:10:27 IST" name="Login" finished-at="2024-10-23T15:10:27 IST" duration-ms="526" status="PASS">
          <reporter-output>
          </reporter-output>
        </test-method> <!-- Login -->
        <test-method signature="Test()[pri:0, instance:com.project.script.TestScript@3daa422a]" started-at="2024-10-23T15:10:27 IST" name="Test" finished-at="2024-10-23T15:10:27 IST" duration-ms="1" status="PASS">
          <reporter-output>
          </reporter-output>
        </test-method> <!-- Test -->
        <test-method is-config="true" signature="logOut()[pri:0, instance:com.project.script.TestScript@3daa422a]" started-at="2024-10-23T15:10:27 IST" name="logOut" finished-at="2024-10-23T15:10:27 IST" duration-ms="0" status="PASS">
          <reporter-output>
          </reporter-output>
        </test-method> <!-- logOut -->
        <test-method is-config="true" signature="closeBrowser()[pri:0, instance:com.project.script.TestScript@3daa422a]" started-at="2024-10-23T15:10:27 IST" name="closeBrowser" finished-at="2024-10-23T15:10:27 IST" duration-ms="1" status="PASS">
          <reporter-output>
            <line>
              <![CDATA[closeBrowser]]>
            </line>
          </reporter-output>
        </test-method> <!-- closeBrowser -->
      </class> <!-- com.project.script.TestScript -->
    </test> <!-- Test -->
  </suite> <!-- Suite -->
</testng-results>
