<?xml version="1.0" encoding="UTF-8"?>
<testng-results ignored="0" total="1" passed="1" failed="0" skipped="0">
  <reporter-output>
    <line>
      <![CDATA[closeBrowser]]>
    </line>
  </reporter-output>
  <suite started-at="2024-10-25T11:25:28 IST" name="Default suite" finished-at="2024-10-25T11:25:33 IST" duration-ms="4878">
    <groups>
    </groups>
    <test started-at="2024-10-25T11:25:28 IST" name="Default test" finished-at="2024-10-25T11:25:33 IST" duration-ms="4878">
      <class name="com.project.script.TestScript">
        <test-method is-config="true" signature="OpenBrowsder()[pri:0, instance:com.project.script.TestScript@1aafa419]" started-at="2024-10-25T11:25:28 IST" name="OpenBrowsder" finished-at="2024-10-25T11:25:31 IST" duration-ms="2803" status="PASS">
          <reporter-output>
          </reporter-output>
        </test-method> <!-- OpenBrowsder -->
        <test-method is-config="true" signature="Login()[pri:0, instance:com.project.script.TestScript@1aafa419]" started-at="2024-10-25T11:25:31 IST" name="Login" finished-at="2024-10-25T11:25:33 IST" duration-ms="2055" status="PASS">
          <reporter-output>
          </reporter-output>
        </test-method> <!-- Login -->
        <test-method signature="Test()[pri:0, instance:com.project.script.TestScript@1aafa419]" started-at="2024-10-25T11:25:33 IST" name="Test" finished-at="2024-10-25T11:25:33 IST" duration-ms="3" status="PASS">
          <reporter-output>
          </reporter-output>
        </test-method> <!-- Test -->
        <test-method is-config="true" signature="logOut()[pri:0, instance:com.project.script.TestScript@1aafa419]" started-at="2024-10-25T11:25:33 IST" name="logOut" finished-at="2024-10-25T11:25:33 IST" duration-ms="0" status="PASS">
          <reporter-output>
          </reporter-output>
        </test-method> <!-- logOut -->
        <test-method is-config="true" signature="closeBrowser()[pri:0, instance:com.project.script.TestScript@1aafa419]" started-at="2024-10-25T11:25:33 IST" name="closeBrowser" finished-at="2024-10-25T11:25:33 IST" duration-ms="1" status="PASS">
          <reporter-output>
            <line>
              <![CDATA[closeBrowser]]>
            </line>
          </reporter-output>
        </test-method> <!-- closeBrowser -->
      </class> <!-- com.project.script.TestScript -->
    </test> <!-- Default test -->
  </suite> <!-- Default suite -->
</testng-results>
