<?xml version="1.0" encoding="UTF-8"?>
<testng-results ignored="0" total="1" passed="1" failed="0" skipped="0">
  <reporter-output>
  </reporter-output>
  <suite started-at="2024-10-21T19:46:33 IST" name="Default suite" finished-at="2024-10-21T19:46:34 IST" duration-ms="1238">
    <groups>
    </groups>
    <test started-at="2024-10-21T19:46:33 IST" name="Default test" finished-at="2024-10-21T19:46:34 IST" duration-ms="1238">
      <class name="com.project.script.TestScript">
        <test-method is-config="true" signature="OpenBrowsder()[pri:0, instance:com.project.script.TestScript@7b2bbc3]" started-at="2024-10-21T19:46:33 IST" name="OpenBrowsder" finished-at="2024-10-21T19:46:34 IST" duration-ms="1123" status="PASS">
          <reporter-output>
          </reporter-output>
        </test-method> <!-- OpenBrowsder -->
        <test-method is-config="true" signature="Login()[pri:0, instance:com.project.script.TestScript@7b2bbc3]" started-at="2024-10-21T19:46:34 IST" name="Login" finished-at="2024-10-21T19:46:34 IST" duration-ms="0" status="PASS">
          <reporter-output>
          </reporter-output>
        </test-method> <!-- Login -->
        <test-method signature="Sc()[pri:0, instance:com.project.script.TestScript@7b2bbc3]" started-at="2024-10-21T19:46:34 IST" name="Sc" finished-at="2024-10-21T19:46:34 IST" duration-ms="3" status="PASS">
          <reporter-output>
          </reporter-output>
        </test-method> <!-- Sc -->
        <test-method is-config="true" signature="Logout()[pri:0, instance:com.project.script.TestScript@7b2bbc3]" started-at="2024-10-21T19:46:34 IST" name="Logout" finished-at="2024-10-21T19:46:34 IST" duration-ms="0" status="PASS">
          <reporter-output>
          </reporter-output>
        </test-method> <!-- Logout -->
        <test-method is-config="true" signature="CloseBrowser()[pri:0, instance:com.project.script.TestScript@7b2bbc3]" started-at="2024-10-21T19:46:34 IST" name="CloseBrowser" finished-at="2024-10-21T19:46:34 IST" duration-ms="95" status="PASS">
          <reporter-output>
          </reporter-output>
        </test-method> <!-- CloseBrowser -->
      </class> <!-- com.project.script.TestScript -->
    </test> <!-- Default test -->
  </suite> <!-- Default suite -->
</testng-results>
